{"/Users/boyanlin/Projects/css_micro_kitchen/app/order/Order.js": {"path":"/Users/boyanlin/Projects/css_micro_kitchen/app/order/Order.js","statementMap":{"0":{"start":{"line":10,"column":4},"end":{"line":10,"column":17}},"1":{"start":{"line":11,"column":4},"end":{"line":11,"column":32}},"2":{"start":{"line":12,"column":4},"end":{"line":12,"column":27}},"3":{"start":{"line":13,"column":4},"end":{"line":13,"column":27}},"4":{"start":{"line":14,"column":4},"end":{"line":14,"column":37}},"5":{"start":{"line":15,"column":4},"end":{"line":15,"column":37}},"6":{"start":{"line":19,"column":24},"end":{"line":19,"column":74}},"7":{"start":{"line":20,"column":4},"end":{"line":20,"column":71}},"8":{"start":{"line":24,"column":0},"end":{"line":24,"column":23}}},"fnMap":{"0":{"name":"(anonymous_0)","decl":{"start":{"line":9,"column":2},"end":{"line":9,"column":3}},"loc":{"start":{"line":9,"column":25},"end":{"line":16,"column":3}},"line":9},"1":{"name":"(anonymous_1)","decl":{"start":{"line":18,"column":2},"end":{"line":18,"column":3}},"loc":{"start":{"line":18,"column":13},"end":{"line":21,"column":3}},"line":18}},"branchMap":{},"s":{"0":103,"1":103,"2":103,"3":103,"4":103,"5":103,"6":30,"7":30,"8":5},"f":{"0":103,"1":30},"b":{},"_coverageSchema":"43e27e138ebf9cfc5966b082cf9a028302ed4184","hash":"4f6f8104f3ed8684e2c9e63bbeedc8a6e051e38e"}
,"/Users/boyanlin/Projects/css_micro_kitchen/app/order/OrderDispatcher.js": {"path":"/Users/boyanlin/Projects/css_micro_kitchen/app/order/OrderDispatcher.js","statementMap":{"0":{"start":{"line":3,"column":23},"end":{"line":3,"column":49}},"1":{"start":{"line":4,"column":14},"end":{"line":4,"column":32}},"2":{"start":{"line":5,"column":22},"end":{"line":5,"column":55}},"3":{"start":{"line":7,"column":36},"end":{"line":7,"column":40}},"4":{"start":{"line":15,"column":4},"end":{"line":15,"column":19}},"5":{"start":{"line":16,"column":4},"end":{"line":16,"column":25}},"6":{"start":{"line":17,"column":4},"end":{"line":17,"column":101}},"7":{"start":{"line":17,"column":81},"end":{"line":17,"column":99}},"8":{"start":{"line":21,"column":4},"end":{"line":21,"column":31}},"9":{"start":{"line":22,"column":20},"end":{"line":22,"column":32}},"10":{"start":{"line":23,"column":4},"end":{"line":26,"column":5}},"11":{"start":{"line":24,"column":6},"end":{"line":24,"column":67}},"12":{"start":{"line":25,"column":6},"end":{"line":25,"column":13}},"13":{"start":{"line":28,"column":18},"end":{"line":28,"column":58}},"14":{"start":{"line":31,"column":4},"end":{"line":31,"column":27}},"15":{"start":{"line":34,"column":4},"end":{"line":34,"column":35}},"16":{"start":{"line":37,"column":4},"end":{"line":37,"column":34}},"17":{"start":{"line":41,"column":4},"end":{"line":41,"column":83}},"18":{"start":{"line":41,"column":21},"end":{"line":41,"column":51}},"19":{"start":{"line":45,"column":4},"end":{"line":45,"column":47}},"20":{"start":{"line":49,"column":4},"end":{"line":49,"column":35}},"21":{"start":{"line":50,"column":4},"end":{"line":50,"column":25}},"22":{"start":{"line":54,"column":4},"end":{"line":54,"column":24}},"23":{"start":{"line":58,"column":0},"end":{"line":58,"column":33}}},"fnMap":{"0":{"name":"(anonymous_0)","decl":{"start":{"line":14,"column":2},"end":{"line":14,"column":3}},"loc":{"start":{"line":14,"column":22},"end":{"line":18,"column":3}},"line":14},"1":{"name":"(anonymous_1)","decl":{"start":{"line":17,"column":75},"end":{"line":17,"column":76}},"loc":{"start":{"line":17,"column":81},"end":{"line":17,"column":99}},"line":17},"2":{"name":"(anonymous_2)","decl":{"start":{"line":20,"column":2},"end":{"line":20,"column":3}},"loc":{"start":{"line":20,"column":16},"end":{"line":38,"column":3}},"line":20},"3":{"name":"(anonymous_3)","decl":{"start":{"line":40,"column":2},"end":{"line":40,"column":3}},"loc":{"start":{"line":40,"column":20},"end":{"line":42,"column":3}},"line":40},"4":{"name":"(anonymous_4)","decl":{"start":{"line":41,"column":15},"end":{"line":41,"column":16}},"loc":{"start":{"line":41,"column":21},"end":{"line":41,"column":51}},"line":41},"5":{"name":"(anonymous_5)","decl":{"start":{"line":44,"column":2},"end":{"line":44,"column":3}},"loc":{"start":{"line":44,"column":19},"end":{"line":46,"column":3}},"line":44},"6":{"name":"(anonymous_6)","decl":{"start":{"line":48,"column":2},"end":{"line":48,"column":3}},"loc":{"start":{"line":48,"column":32},"end":{"line":51,"column":3}},"line":48},"7":{"name":"(anonymous_7)","decl":{"start":{"line":53,"column":2},"end":{"line":53,"column":3}},"loc":{"start":{"line":53,"column":20},"end":{"line":55,"column":3}},"line":53}},"branchMap":{"0":{"loc":{"start":{"line":23,"column":4},"end":{"line":26,"column":5}},"type":"if","locations":[{"start":{"line":23,"column":4},"end":{"line":26,"column":5}},{"start":{"line":23,"column":4},"end":{"line":26,"column":5}}],"line":23},"1":{"loc":{"start":{"line":24,"column":6},"end":{"line":24,"column":66}},"type":"binary-expr","locations":[{"start":{"line":24,"column":6},"end":{"line":24,"column":44}},{"start":{"line":24,"column":48},"end":{"line":24,"column":66}}],"line":24}},"s":{"0":1,"1":1,"2":1,"3":1,"4":4,"5":4,"6":4,"7":4,"8":20,"9":20,"10":20,"11":11,"12":11,"13":9,"14":9,"15":9,"16":9,"17":9,"18":9,"19":9,"20":1,"21":1,"22":1,"23":1},"f":{"0":4,"1":4,"2":20,"3":9,"4":9,"5":9,"6":1,"7":1},"b":{"0":[11,9],"1":[11,1]},"_coverageSchema":"43e27e138ebf9cfc5966b082cf9a028302ed4184","hash":"649cb6dbb932a75c119dc105e06daede173bcc35"}
,"/Users/boyanlin/Projects/css_micro_kitchen/app/shelf/BaseShelf.js": {"path":"/Users/boyanlin/Projects/css_micro_kitchen/app/shelf/BaseShelf.js","statementMap":{"0":{"start":{"line":9,"column":4},"end":{"line":9,"column":28}},"1":{"start":{"line":13,"column":4},"end":{"line":13,"column":13}},"2":{"start":{"line":17,"column":4},"end":{"line":19,"column":5}},"3":{"start":{"line":18,"column":6},"end":{"line":18,"column":40}},"4":{"start":{"line":21,"column":4},"end":{"line":21,"column":37}},"5":{"start":{"line":22,"column":4},"end":{"line":22,"column":49}},"6":{"start":{"line":26,"column":4},"end":{"line":28,"column":5}},"7":{"start":{"line":27,"column":6},"end":{"line":27,"column":60}},"8":{"start":{"line":30,"column":18},"end":{"line":30,"column":37}},"9":{"start":{"line":31,"column":4},"end":{"line":31,"column":27}},"10":{"start":{"line":32,"column":4},"end":{"line":32,"column":38}},"11":{"start":{"line":34,"column":4},"end":{"line":34,"column":17}},"12":{"start":{"line":38,"column":4},"end":{"line":38,"column":28}},"13":{"start":{"line":42,"column":4},"end":{"line":47,"column":5}},"14":{"start":{"line":43,"column":6},"end":{"line":46,"column":7}},"15":{"start":{"line":44,"column":8},"end":{"line":44,"column":42}},"16":{"start":{"line":45,"column":8},"end":{"line":45,"column":31}},"17":{"start":{"line":51,"column":4},"end":{"line":51,"column":28}},"18":{"start":{"line":55,"column":0},"end":{"line":55,"column":27}}},"fnMap":{"0":{"name":"(anonymous_0)","decl":{"start":{"line":8,"column":2},"end":{"line":8,"column":3}},"loc":{"start":{"line":8,"column":16},"end":{"line":10,"column":3}},"line":8},"1":{"name":"(anonymous_1)","decl":{"start":{"line":12,"column":2},"end":{"line":12,"column":3}},"loc":{"start":{"line":12,"column":12},"end":{"line":14,"column":3}},"line":12},"2":{"name":"(anonymous_2)","decl":{"start":{"line":16,"column":2},"end":{"line":16,"column":3}},"loc":{"start":{"line":16,"column":18},"end":{"line":23,"column":3}},"line":16},"3":{"name":"(anonymous_3)","decl":{"start":{"line":25,"column":2},"end":{"line":25,"column":3}},"loc":{"start":{"line":25,"column":16},"end":{"line":35,"column":3}},"line":25},"4":{"name":"(anonymous_4)","decl":{"start":{"line":37,"column":2},"end":{"line":37,"column":3}},"loc":{"start":{"line":37,"column":23},"end":{"line":39,"column":3}},"line":37},"5":{"name":"(anonymous_5)","decl":{"start":{"line":41,"column":2},"end":{"line":41,"column":3}},"loc":{"start":{"line":41,"column":23},"end":{"line":48,"column":3}},"line":41},"6":{"name":"(anonymous_6)","decl":{"start":{"line":50,"column":2},"end":{"line":50,"column":3}},"loc":{"start":{"line":50,"column":19},"end":{"line":52,"column":3}},"line":50}},"branchMap":{"0":{"loc":{"start":{"line":17,"column":4},"end":{"line":19,"column":5}},"type":"if","locations":[{"start":{"line":17,"column":4},"end":{"line":19,"column":5}},{"start":{"line":17,"column":4},"end":{"line":19,"column":5}}],"line":17},"1":{"loc":{"start":{"line":26,"column":4},"end":{"line":28,"column":5}},"type":"if","locations":[{"start":{"line":26,"column":4},"end":{"line":28,"column":5}},{"start":{"line":26,"column":4},"end":{"line":28,"column":5}}],"line":26},"2":{"loc":{"start":{"line":43,"column":6},"end":{"line":46,"column":7}},"type":"if","locations":[{"start":{"line":43,"column":6},"end":{"line":46,"column":7}},{"start":{"line":43,"column":6},"end":{"line":46,"column":7}}],"line":43}},"s":{"0":17,"1":1,"2":86,"3":25,"4":61,"5":61,"6":24,"7":17,"8":7,"9":7,"10":7,"11":7,"12":96,"13":41,"14":29,"15":4,"16":4,"17":24,"18":4},"f":{"0":17,"1":1,"2":86,"3":24,"4":96,"5":41,"6":24},"b":{"0":[25,61],"1":[17,7],"2":[4,25]},"_coverageSchema":"43e27e138ebf9cfc5966b082cf9a028302ed4184","hash":"f524cfdd1b0978e5acd1de166ee8dc403c61e2dd"}
,"/Users/boyanlin/Projects/css_micro_kitchen/app/shelf/MultiShelves.js": {"path":"/Users/boyanlin/Projects/css_micro_kitchen/app/shelf/MultiShelves.js","statementMap":{"0":{"start":{"line":3,"column":18},"end":{"line":3,"column":40}},"1":{"start":{"line":8,"column":4},"end":{"line":8,"column":14}},"2":{"start":{"line":15,"column":4},"end":{"line":15,"column":14}},"3":{"start":{"line":22,"column":4},"end":{"line":22,"column":14}},"4":{"start":{"line":29,"column":4},"end":{"line":29,"column":14}},"5":{"start":{"line":33,"column":4},"end":{"line":39,"column":5}},"6":{"start":{"line":34,"column":6},"end":{"line":34,"column":27}},"7":{"start":{"line":35,"column":6},"end":{"line":35,"column":18}},"8":{"start":{"line":37,"column":6},"end":{"line":37,"column":63}},"9":{"start":{"line":38,"column":6},"end":{"line":38,"column":19}},"10":{"start":{"line":43,"column":4},"end":{"line":48,"column":5}},"11":{"start":{"line":44,"column":6},"end":{"line":44,"column":32}},"12":{"start":{"line":46,"column":6},"end":{"line":46,"column":69}},"13":{"start":{"line":47,"column":6},"end":{"line":47,"column":18}},"14":{"start":{"line":52,"column":0},"end":{"line":57,"column":2}}},"fnMap":{"0":{"name":"(anonymous_0)","decl":{"start":{"line":7,"column":2},"end":{"line":7,"column":3}},"loc":{"start":{"line":7,"column":12},"end":{"line":9,"column":3}},"line":7},"1":{"name":"(anonymous_1)","decl":{"start":{"line":14,"column":2},"end":{"line":14,"column":3}},"loc":{"start":{"line":14,"column":12},"end":{"line":16,"column":3}},"line":14},"2":{"name":"(anonymous_2)","decl":{"start":{"line":21,"column":2},"end":{"line":21,"column":3}},"loc":{"start":{"line":21,"column":12},"end":{"line":23,"column":3}},"line":21},"3":{"name":"(anonymous_3)","decl":{"start":{"line":28,"column":2},"end":{"line":28,"column":3}},"loc":{"start":{"line":28,"column":12},"end":{"line":30,"column":3}},"line":28},"4":{"name":"(anonymous_4)","decl":{"start":{"line":32,"column":2},"end":{"line":32,"column":3}},"loc":{"start":{"line":32,"column":21},"end":{"line":40,"column":3}},"line":32},"5":{"name":"(anonymous_5)","decl":{"start":{"line":42,"column":2},"end":{"line":42,"column":3}},"loc":{"start":{"line":42,"column":19},"end":{"line":49,"column":3}},"line":42}},"branchMap":{},"s":{"0":3,"1":43,"2":8,"3":6,"4":27,"5":26,"6":26,"7":23,"8":3,"9":3,"10":10,"11":10,"12":9,"13":9,"14":3},"f":{"0":43,"1":8,"2":6,"3":27,"4":26,"5":10},"b":{},"_coverageSchema":"43e27e138ebf9cfc5966b082cf9a028302ed4184","hash":"bf50410e5957ca139cf36a6855f2a37aebbd21cd"}
,"/Users/boyanlin/Projects/css_micro_kitchen/app/shelf/ShelfOperator.js": {"path":"/Users/boyanlin/Projects/css_micro_kitchen/app/shelf/ShelfOperator.js","statementMap":{"0":{"start":{"line":3,"column":58},"end":{"line":3,"column":83}},"1":{"start":{"line":8,"column":18},"end":{"line":8,"column":47}},"2":{"start":{"line":9,"column":4},"end":{"line":15,"column":5}},"3":{"start":{"line":10,"column":6},"end":{"line":10,"column":28}},"4":{"start":{"line":11,"column":6},"end":{"line":11,"column":18}},"5":{"start":{"line":13,"column":6},"end":{"line":13,"column":71}},"6":{"start":{"line":14,"column":6},"end":{"line":14,"column":46}},"7":{"start":{"line":19,"column":18},"end":{"line":19,"column":47}},"8":{"start":{"line":20,"column":4},"end":{"line":25,"column":5}},"9":{"start":{"line":21,"column":6},"end":{"line":21,"column":39}},"10":{"start":{"line":23,"column":6},"end":{"line":23,"column":75}},"11":{"start":{"line":24,"column":6},"end":{"line":24,"column":47}},"12":{"start":{"line":29,"column":4},"end":{"line":38,"column":5}},"13":{"start":{"line":31,"column":8},"end":{"line":31,"column":24}},"14":{"start":{"line":33,"column":8},"end":{"line":33,"column":25}},"15":{"start":{"line":35,"column":8},"end":{"line":35,"column":27}},"16":{"start":{"line":37,"column":8},"end":{"line":37,"column":43}},"17":{"start":{"line":42,"column":4},"end":{"line":43,"column":48}},"18":{"start":{"line":43,"column":20},"end":{"line":43,"column":46}},"19":{"start":{"line":47,"column":4},"end":{"line":50,"column":6}},"20":{"start":{"line":48,"column":20},"end":{"line":48,"column":50}},"21":{"start":{"line":54,"column":0},"end":{"line":54,"column":31}}},"fnMap":{"0":{"name":"(anonymous_0)","decl":{"start":{"line":7,"column":2},"end":{"line":7,"column":3}},"loc":{"start":{"line":7,"column":25},"end":{"line":16,"column":3}},"line":7},"1":{"name":"(anonymous_1)","decl":{"start":{"line":18,"column":2},"end":{"line":18,"column":3}},"loc":{"start":{"line":18,"column":26},"end":{"line":26,"column":3}},"line":18},"2":{"name":"(anonymous_2)","decl":{"start":{"line":28,"column":2},"end":{"line":28,"column":3}},"loc":{"start":{"line":28,"column":25},"end":{"line":39,"column":3}},"line":28},"3":{"name":"(anonymous_3)","decl":{"start":{"line":41,"column":2},"end":{"line":41,"column":3}},"loc":{"start":{"line":41,"column":26},"end":{"line":44,"column":3}},"line":41},"4":{"name":"(anonymous_4)","decl":{"start":{"line":43,"column":11},"end":{"line":43,"column":12}},"loc":{"start":{"line":43,"column":20},"end":{"line":43,"column":46}},"line":43},"5":{"name":"(anonymous_5)","decl":{"start":{"line":46,"column":2},"end":{"line":46,"column":3}},"loc":{"start":{"line":46,"column":33},"end":{"line":51,"column":3}},"line":46},"6":{"name":"(anonymous_6)","decl":{"start":{"line":48,"column":6},"end":{"line":48,"column":7}},"loc":{"start":{"line":48,"column":20},"end":{"line":48,"column":50}},"line":48}},"branchMap":{"0":{"loc":{"start":{"line":29,"column":4},"end":{"line":38,"column":5}},"type":"switch","locations":[{"start":{"line":30,"column":6},"end":{"line":31,"column":24}},{"start":{"line":32,"column":6},"end":{"line":33,"column":25}},{"start":{"line":34,"column":6},"end":{"line":35,"column":27}},{"start":{"line":36,"column":6},"end":{"line":37,"column":43}}],"line":29}},"s":{"0":2,"1":56,"2":56,"3":56,"4":34,"5":22,"6":22,"7":13,"8":13,"9":13,"10":8,"11":8,"12":73,"13":46,"14":15,"15":11,"16":1,"17":10,"18":40,"19":2,"20":8,"21":2},"f":{"0":56,"1":13,"2":73,"3":10,"4":40,"5":2,"6":8},"b":{"0":[46,15,11,1]},"_coverageSchema":"43e27e138ebf9cfc5966b082cf9a028302ed4184","hash":"f59388602b52a8aa1db4d744c36a33b7b45aff1e"}
}
