TN:
SF:/Users/boyanlin/Projects/css_micro_kitchen/app/order/Order.js
FN:9,(anonymous_0)
FN:18,(anonymous_1)
FNF:2
FNH:2
FNDA:91,(anonymous_0)
FNDA:9,(anonymous_1)
DA:10,91
DA:11,91
DA:12,91
DA:13,91
DA:14,91
DA:15,91
DA:19,9
DA:20,9
DA:24,5
LF:9
LH:9
BRF:0
BRH:0
end_of_record
TN:
SF:/Users/boyanlin/Projects/css_micro_kitchen/app/order/OrderDispatcher.js
FN:14,(anonymous_0)
FN:17,(anonymous_1)
FN:20,(anonymous_2)
FN:39,(anonymous_3)
FN:40,(anonymous_4)
FN:43,(anonymous_5)
FN:47,(anonymous_6)
FN:52,(anonymous_7)
FNF:8
FNH:1
FNDA:1,(anonymous_0)
FNDA:0,(anonymous_1)
FNDA:0,(anonymous_2)
FNDA:0,(anonymous_3)
FNDA:0,(anonymous_4)
FNDA:0,(anonymous_5)
FNDA:0,(anonymous_6)
FNDA:0,(anonymous_7)
DA:3,1
DA:4,1
DA:5,1
DA:7,1
DA:15,1
DA:16,1
DA:17,1
DA:21,0
DA:22,0
DA:23,0
DA:24,0
DA:27,0
DA:30,0
DA:33,0
DA:36,0
DA:40,0
DA:44,0
DA:48,0
DA:49,0
DA:53,0
DA:57,1
LF:21
LH:8
BRDA:22,0,0,0
BRDA:22,0,1,0
BRF:2
BRH:0
end_of_record
TN:
SF:/Users/boyanlin/Projects/css_micro_kitchen/app/shelf/BaseShelf.js
FN:8,(anonymous_0)
FN:12,(anonymous_1)
FN:16,(anonymous_2)
FN:25,(anonymous_3)
FN:37,(anonymous_4)
FN:41,(anonymous_5)
FN:50,(anonymous_6)
FNF:7
FNH:7
FNDA:17,(anonymous_0)
FNDA:1,(anonymous_1)
FNDA:77,(anonymous_2)
FNDA:9,(anonymous_3)
FNDA:87,(anonymous_4)
FNDA:5,(anonymous_5)
FNDA:24,(anonymous_6)
DA:9,17
DA:13,1
DA:17,77
DA:18,25
DA:21,52
DA:22,52
DA:26,9
DA:27,5
DA:30,4
DA:31,4
DA:32,4
DA:34,4
DA:38,87
DA:42,5
DA:43,8
DA:44,4
DA:45,4
DA:51,24
DA:55,4
LF:19
LH:19
BRDA:17,0,0,25
BRDA:17,0,1,52
BRDA:26,1,0,5
BRDA:26,1,1,4
BRDA:43,2,0,4
BRDA:43,2,1,4
BRF:6
BRH:6
end_of_record
TN:
SF:/Users/boyanlin/Projects/css_micro_kitchen/app/shelf/MultiShelves.js
FN:7,(anonymous_0)
FN:14,(anonymous_1)
FN:21,(anonymous_2)
FN:28,(anonymous_3)
FN:32,(anonymous_4)
FN:42,(anonymous_5)
FNF:6
FNH:6
FNDA:40,(anonymous_0)
FNDA:5,(anonymous_1)
FNDA:3,(anonymous_2)
FNDA:27,(anonymous_3)
FNDA:26,(anonymous_4)
FNDA:4,(anonymous_5)
DA:3,3
DA:8,40
DA:15,5
DA:22,3
DA:29,27
DA:33,26
DA:34,26
DA:35,23
DA:37,3
DA:38,3
DA:43,4
DA:44,4
DA:46,3
DA:47,3
DA:52,3
LF:15
LH:15
BRF:0
BRH:0
end_of_record
TN:
SF:/Users/boyanlin/Projects/css_micro_kitchen/app/shelf/ShelfOperator.js
FN:7,(anonymous_0)
FN:18,(anonymous_1)
FN:28,(anonymous_2)
FN:41,(anonymous_3)
FN:43,(anonymous_4)
FN:46,(anonymous_5)
FN:48,(anonymous_6)
FNF:7
FNH:7
FNDA:47,(anonymous_0)
FNDA:4,(anonymous_1)
FNDA:55,(anonymous_2)
FNDA:1,(anonymous_3)
FNDA:4,(anonymous_4)
FNDA:2,(anonymous_5)
FNDA:8,(anonymous_6)
DA:3,2
DA:8,47
DA:9,47
DA:10,47
DA:11,25
DA:13,22
DA:14,22
DA:19,4
DA:20,4
DA:21,4
DA:23,2
DA:24,2
DA:29,55
DA:31,40
DA:33,9
DA:35,5
DA:37,1
DA:42,1
DA:43,4
DA:47,2
DA:48,8
DA:54,2
LF:22
LH:22
BRDA:29,0,0,40
BRDA:29,0,1,9
BRDA:29,0,2,5
BRDA:29,0,3,1
BRF:4
BRH:4
end_of_record
