TN:
SF:/Users/boyanlin/Projects/css_micro_kitchen/app/order/Order.js
FN:9,(anonymous_0)
FN:18,(anonymous_1)
FNF:2
FNH:2
FNDA:103,(anonymous_0)
FNDA:30,(anonymous_1)
DA:10,103
DA:11,103
DA:12,103
DA:13,103
DA:14,103
DA:15,103
DA:19,30
DA:20,30
DA:24,5
LF:9
LH:9
BRF:0
BRH:0
end_of_record
TN:
SF:/Users/boyanlin/Projects/css_micro_kitchen/app/order/OrderManager.js
FN:14,(anonymous_0)
FN:17,(anonymous_1)
FN:20,(anonymous_2)
FN:40,(anonymous_3)
FN:41,(anonymous_4)
FN:44,(anonymous_5)
FN:48,(anonymous_6)
FN:53,(anonymous_7)
FNF:8
FNH:8
FNDA:4,(anonymous_0)
FNDA:4,(anonymous_1)
FNDA:20,(anonymous_2)
FNDA:9,(anonymous_3)
FNDA:9,(anonymous_4)
FNDA:9,(anonymous_5)
FNDA:1,(anonymous_6)
FNDA:1,(anonymous_7)
DA:3,1
DA:4,1
DA:5,1
DA:7,1
DA:15,4
DA:16,4
DA:17,4
DA:21,20
DA:22,20
DA:23,20
DA:24,11
DA:25,11
DA:28,9
DA:31,9
DA:34,9
DA:37,9
DA:41,9
DA:45,9
DA:49,1
DA:50,1
DA:54,1
DA:58,1
LF:22
LH:22
BRDA:23,0,0,11
BRDA:23,0,1,9
BRDA:24,1,0,11
BRDA:24,1,1,1
BRF:4
BRH:4
end_of_record
TN:
SF:/Users/boyanlin/Projects/css_micro_kitchen/app/shelf/BaseShelf.js
FN:8,(anonymous_0)
FN:12,(anonymous_1)
FN:16,(anonymous_2)
FN:25,(anonymous_3)
FN:37,(anonymous_4)
FN:41,(anonymous_5)
FN:50,(anonymous_6)
FNF:7
FNH:7
FNDA:17,(anonymous_0)
FNDA:1,(anonymous_1)
FNDA:86,(anonymous_2)
FNDA:24,(anonymous_3)
FNDA:96,(anonymous_4)
FNDA:41,(anonymous_5)
FNDA:24,(anonymous_6)
DA:9,17
DA:13,1
DA:17,86
DA:18,25
DA:21,61
DA:22,61
DA:26,24
DA:27,17
DA:30,7
DA:31,7
DA:32,7
DA:34,7
DA:38,96
DA:42,41
DA:43,29
DA:44,4
DA:45,4
DA:51,24
DA:55,4
LF:19
LH:19
BRDA:17,0,0,25
BRDA:17,0,1,61
BRDA:26,1,0,17
BRDA:26,1,1,7
BRDA:43,2,0,4
BRDA:43,2,1,25
BRF:6
BRH:6
end_of_record
TN:
SF:/Users/boyanlin/Projects/css_micro_kitchen/app/shelf/MultiShelves.js
FN:7,(anonymous_0)
FN:14,(anonymous_1)
FN:21,(anonymous_2)
FN:28,(anonymous_3)
FN:32,(anonymous_4)
FN:42,(anonymous_5)
FNF:6
FNH:6
FNDA:43,(anonymous_0)
FNDA:8,(anonymous_1)
FNDA:6,(anonymous_2)
FNDA:27,(anonymous_3)
FNDA:26,(anonymous_4)
FNDA:10,(anonymous_5)
DA:3,3
DA:8,43
DA:15,8
DA:22,6
DA:29,27
DA:33,26
DA:34,26
DA:35,23
DA:37,3
DA:38,3
DA:43,10
DA:44,10
DA:46,9
DA:47,9
DA:52,3
LF:15
LH:15
BRF:0
BRH:0
end_of_record
TN:
SF:/Users/boyanlin/Projects/css_micro_kitchen/app/shelf/ShelfOperator.js
FN:7,(anonymous_0)
FN:18,(anonymous_1)
FN:28,(anonymous_2)
FN:41,(anonymous_3)
FN:43,(anonymous_4)
FN:46,(anonymous_5)
FN:48,(anonymous_6)
FNF:7
FNH:7
FNDA:56,(anonymous_0)
FNDA:13,(anonymous_1)
FNDA:73,(anonymous_2)
FNDA:10,(anonymous_3)
FNDA:40,(anonymous_4)
FNDA:2,(anonymous_5)
FNDA:8,(anonymous_6)
DA:3,2
DA:8,56
DA:9,56
DA:10,56
DA:11,34
DA:13,22
DA:14,22
DA:19,13
DA:20,13
DA:21,13
DA:23,8
DA:24,8
DA:29,73
DA:31,46
DA:33,15
DA:35,11
DA:37,1
DA:42,10
DA:43,40
DA:47,2
DA:48,8
DA:54,2
LF:22
LH:22
BRDA:29,0,0,46
BRDA:29,0,1,15
BRDA:29,0,2,11
BRDA:29,0,3,1
BRF:4
BRH:4
end_of_record
